#
# There is insufficient memory for the Java Runtime Environment to continue.
# Native memory allocation (mmap) failed to map 266338304 bytes. Error detail: G1 virtual space
# Possible reasons:
#   The system is out of physical RAM or swap space
#   This process is running with CompressedOops enabled, and the Java Heap may be blocking the growth of the native heap
# Possible solutions:
#   Reduce memory load on the system
#   Increase physical memory or swap space
#   Check if swap backing store is full
#   Decrease Java heap size (-Xmx/-Xms)
#   Decrease number of Java threads
#   Decrease Java thread stack sizes (-Xss)
#   Set larger code cache with -XX:ReservedCodeCacheSize=
#   JVM is running with Zero Based Compressed Oops mode in which the Java heap is
#     placed in the first 32GB address space. The Java Heap base address is the
#     maximum limit for the native heap growth. Please use -XX:HeapBaseMinAddress
#     to set the Java Heap base and to place the Java Heap above 32GB virtual address.
# This output file may be truncated or incomplete.
#
#  Out of Memory Error (os_windows.cpp:3898), pid=26432, tid=28440
#
# JRE version:  (21.0.6) (build )
# Java VM: OpenJDK 64-Bit Server VM (21.0.6+-13391695-b895.109, mixed mode, sharing, tiered, compressed oops, compressed class ptrs, g1 gc, windows-amd64)
# No core dump will be written. Minidumps are not enabled by default on client versions of Windows
#

---------------  S U M M A R Y ------------

Command Line: org.jetbrains.kotlin.cli.jvm.K2JVMCompiler @C:\Users\KIBE\AndroidStudioProjects2\MyComposeJourney\Projects\TOSAI\app\build\20260114_198106012427941188.compiler.options

Host: Intel(R) Core(TM) i5-7300U CPU @ 2.60GHz, 4 cores, 15G,  Windows 11 , 64 bit Build 22000 (10.0.22000.2538)
Time: Wed Jan 14 21:19:32 2026 E. Africa Standard Time elapsed time: 0.016604 seconds (0d 0h 0m 0s)

---------------  T H R E A D  ---------------

Current thread (0x00000252981cdbf0):  JavaThread "Unknown thread" [_thread_in_vm, id=28440, stack(0x000000f921100000,0x000000f921200000) (1024K)]

Stack: [0x000000f921100000,0x000000f921200000]
Native frames: (J=compiled Java code, j=interpreted, Vv=VM code, C=native code)
V  [jvm.dll+0x6d0639]
V  [jvm.dll+0x85eb03]
V  [jvm.dll+0x86105e]
V  [jvm.dll+0x861743]
V  [jvm.dll+0x27e6e6]
V  [jvm.dll+0x6ccfd5]
V  [jvm.dll+0x6c0a8a]
V  [jvm.dll+0x35537b]
V  [jvm.dll+0x35cfd6]
V  [jvm.dll+0x3aef86]
V  [jvm.dll+0x3af258]
V  [jvm.dll+0x327a2c]
V  [jvm.dll+0x32871b]
V  [jvm.dll+0x826549]
V  [jvm.dll+0x3bc158]
V  [jvm.dll+0x80f7f8]
V  [jvm.dll+0x45035e]
V  [jvm.dll+0x451ac1]
C  [jli.dll+0x52ab]
C  [ucrtbase.dll+0x26c0c]
C  [KERNEL32.DLL+0x153e0]
C  [ntdll.dll+0x485b]


---------------  P R O C E S S  ---------------

Threads class SMR info:
_java_thread_list=0x00007ffa11911848, length=0, elements={
}

Java Threads: ( => current thread )
Total: 0

Other Threads:
  0x000002529a41bb80 WorkerThread "GC Thread#0"                     [id=25472, stack(0x000000f921200000,0x000000f921300000) (1024K)]
  0x000002529a42d100 ConcurrentGCThread "G1 Main Marker"            [id=2552, stack(0x000000f921300000,0x000000f921400000) (1024K)]
  0x000002529a42dc00 WorkerThread "G1 Conc#0"                       [id=9428, stack(0x000000f921400000,0x000000f921500000) (1024K)]

[error occurred during error reporting (printing all threads), id 0xc0000005, EXCEPTION_ACCESS_VIOLATION (0xc0000005) at pc=0x00007ffa1110aa87]
VM state: not at safepoint (not fully initialized)

VM Mutex/Monitor currently owned by a thread:  ([mutex/lock_event])
[0x00007ffa1197e4a0] Heap_lock - owner thread: 0x00000252981cdbf0

Heap address: 0x0000000702600000, size: 4058 MB, Compressed Oops mode: Zero based, Oop shift amount: 3

CDS archive(s) mapped at: [0x0000000000000000-0x0000000000000000-0x0000000000000000), size 0, SharedBaseAddress: 0x0000000800000000, ArchiveRelocationMode: 1.
Narrow klass base: 0x0000000000000000, Narrow klass shift: 0, Narrow klass range: 0x0

GC Precious Log:
 CardTable entry size: 512
 Card Set container configuration: InlinePtr #cards 4 size 8 Array Of Cards #cards 16 size 48 Howl #buckets 8 coarsen threshold 3686 Howl Bitmap #cards 512 size 80 coarsen threshold 460 Card regions per heap region 1 cards per card region 4096

Heap:
 garbage-first heap   total 0K, used 0K [0x0000000702600000, 0x0000000800000000)
  region size 2048K, 0 young (0K), 0 survivors (0K)
 Metaspace       used 0K, committed 0K, reserved 0K
  class space    used 0K, committed 0K, reserved 0K

Heap Regions: E=young(eden), S=young(survivor), O=old, HS=humongous(starts), HC=humongous(continues), CS=collection set, F=free, TAMS=top-at-mark-start, PB=parsable bottom

Card table byte_map: [0x00000252acd10000,0x00000252ad500000] _byte_map_base: 0x00000252a94fd000

Marking Bits: (CMBitMap*) 0x000002529a41c280
 Bits: [0x00000252ad500000, 0x00000252b1468000)

GC Heap History (0 events):
No events

Dll operation events (1 events):
Event: 0.010 Loaded shared library C:\Program Files\Android\Android Studio2\jbr\bin\java.dll

Deoptimization events (0 events):
No events

Classes loaded (0 events):
No events

Classes unloaded (0 events):
No events

Classes redefined (0 events):
No events

Internal exceptions (0 events):
No events

ZGC Phase Switch (0 events):
No events

VM Operations (0 events):
No events

Memory protections (0 events):
No events

Nmethod flushes (0 events):
No events

Events (0 events):
No events


Dynamic libraries:
0x00007ff79d400000 - 0x00007ff79d40a000 	C:\Program Files\Android\Android Studio2\jbr\bin\java.exe
0x00007ffa60920000 - 0x00007ffa60b29000 	C:\Windows\SYSTEM32\ntdll.dll
0x00007ffa5f730000 - 0x00007ffa5f7ed000 	C:\Windows\System32\KERNEL32.DLL
0x00007ffa5ded0000 - 0x00007ffa5e254000 	C:\Windows\System32\KERNELBASE.dll
0x00007ffa5e650000 - 0x00007ffa5e761000 	C:\Windows\System32\ucrtbase.dll
0x00007ffa5a6a0000 - 0x00007ffa5a6b8000 	C:\Program Files\Android\Android Studio2\jbr\bin\jli.dll
0x00007ffa601a0000 - 0x00007ffa6034d000 	C:\Windows\System32\USER32.dll
0x00007ffa5e2d0000 - 0x00007ffa5e2f6000 	C:\Windows\System32\win32u.dll
0x00007ffa5f700000 - 0x00007ffa5f72a000 	C:\Windows\System32\GDI32.dll
0x00007ffa5ddb0000 - 0x00007ffa5dece000 	C:\Windows\System32\gdi32full.dll
0x00007ffa5e5b0000 - 0x00007ffa5e64d000 	C:\Windows\System32\msvcp_win.dll
0x00007ffa5cfb0000 - 0x00007ffa5d255000 	C:\Windows\WinSxS\amd64_microsoft.windows.common-controls_6595b64144ccf1df_6.0.22000.120_none_9d947278b86cc467\COMCTL32.dll
0x00007ffa5e900000 - 0x00007ffa5e9a3000 	C:\Windows\System32\msvcrt.dll
0x00007ffa51cc0000 - 0x00007ffa51cdb000 	C:\Program Files\Android\Android Studio2\jbr\bin\VCRUNTIME140.dll
0x00007ffa5ff00000 - 0x00007ffa5ff31000 	C:\Windows\System32\IMM32.DLL
0x00007ffa5d560000 - 0x00007ffa5d56c000 	C:\Program Files\Android\Android Studio2\jbr\bin\vcruntime140_1.dll
0x00007ffa15200000 - 0x00007ffa1528d000 	C:\Program Files\Android\Android Studio2\jbr\bin\msvcp140.dll
0x00007ffa10dd0000 - 0x00007ffa11a5b000 	C:\Program Files\Android\Android Studio2\jbr\bin\server\jvm.dll
0x00007ffa5f190000 - 0x00007ffa5f23e000 	C:\Windows\System32\ADVAPI32.dll
0x00007ffa5e860000 - 0x00007ffa5e8fe000 	C:\Windows\System32\sechost.dll
0x00007ffa60360000 - 0x00007ffa60481000 	C:\Windows\System32\RPCRT4.dll
0x00007ffa5fa10000 - 0x00007ffa5fa7f000 	C:\Windows\System32\WS2_32.dll
0x00007ffa5dc80000 - 0x00007ffa5dccd000 	C:\Windows\SYSTEM32\POWRPROF.dll
0x00007ffa534f0000 - 0x00007ffa53523000 	C:\Windows\SYSTEM32\WINMM.dll
0x00007ffa534e0000 - 0x00007ffa534ea000 	C:\Windows\SYSTEM32\VERSION.dll
0x00007ffa5dc60000 - 0x00007ffa5dc73000 	C:\Windows\SYSTEM32\UMPDC.dll
0x00007ffa5c7a0000 - 0x00007ffa5c7b8000 	C:\Windows\SYSTEM32\kernel.appcore.dll
0x00007ffa59910000 - 0x00007ffa5991a000 	C:\Program Files\Android\Android Studio2\jbr\bin\jimage.dll
0x00007ffa5d650000 - 0x00007ffa5d871000 	C:\Windows\SYSTEM32\DBGHELP.DLL
0x00007ffa5d520000 - 0x00007ffa5d551000 	C:\Windows\SYSTEM32\dbgcore.DLL
0x00007ffa5e300000 - 0x00007ffa5e37f000 	C:\Windows\System32\bcryptPrimitives.dll
0x00007ffa4a7f0000 - 0x00007ffa4a810000 	C:\Program Files\Android\Android Studio2\jbr\bin\java.dll

dbghelp: loaded successfully - version: 4.0.5 - missing functions: none
symbol engine: initialized successfully - sym options: 0x614 - pdb path: .;C:\Program Files\Android\Android Studio2\jbr\bin;C:\Windows\SYSTEM32;C:\Windows\WinSxS\amd64_microsoft.windows.common-controls_6595b64144ccf1df_6.0.22000.120_none_9d947278b86cc467;C:\Program Files\Android\Android Studio2\jbr\bin\server

VM Arguments:
java_command: org.jetbrains.kotlin.cli.jvm.K2JVMCompiler @C:\Users\KIBE\AndroidStudioProjects2\MyComposeJourney\Projects\TOSAI\app\build\20260114_198106012427941188.compiler.options
java_class_path (initial): C:\Users\KIBE\.gradle\caches\modules-2\files-2.1\org.jetbrains.kotlin\kotlin-compiler-embeddable\2.0.21\79346ed53db48b18312a472602eb5c057070c54d\kotlin-compiler-embeddable-2.0.21.jar;C:\Users\KIBE\.gradle\caches\modules-2\files-2.1\org.jetbrains.kotlin\kotlin-stdlib\2.0.21\618b539767b4899b4660a83006e052b63f1db551\kotlin-stdlib-2.0.21.jar;C:\Users\KIBE\.gradle\caches\modules-2\files-2.1\org.jetbrains.kotlin\kotlin-script-runtime\2.0.21\c9b044380ad41f89aa89aa896c2d32a8c0b2129d\kotlin-script-runtime-2.0.21.jar;C:\Users\KIBE\.gradle\caches\modules-2\files-2.1\org.jetbrains.kotlin\kotlin-reflect\1.6.10\1cbe9c92c12a94eea200d23c2bbaedaf3daf5132\kotlin-reflect-1.6.10.jar;C:\Users\KIBE\.gradle\caches\modules-2\files-2.1\org.jetbrains.kotlin\kotlin-daemon-embeddable\2.0.21\c9e933b23287de9b5a17e2116b4657bb91aea72c\kotlin-daemon-embeddable-2.0.21.jar;C:\Users\KIBE\.gradle\caches\modules-2\files-2.1\org.jetbrains.intellij.deps\trove4j\1.0.20200330\3afb14d5f9ceb459d724e907a21145e8ff394f02\trove4j-1.0.20200330.jar;C:\Users\KIBE\.gradle\caches\modules-2\files-2.1\org.jetbrains.kotlinx\kotlinx-coroutines-core-jvm\1.6.4\2c997cd1c0ef33f3e751d3831929aeff1390cb30\kotlinx-coroutines-core-jvm-1.6.4.jar;C:\Users\KIBE\.gradle\caches\modules-2\files-2.1\org.jetbrains\annotations\13.0\919f0dfe192fb4e063e7dacadee7f8bb9a2672a9\annotations-13.0.jar
Launcher Type: SUN_STANDARD

[Global flags]
     intx CICompilerCount                          = 3                                         {product} {ergonomic}
     uint ConcGCThreads                            = 1                                         {product} {ergonomic}
     uint G1ConcRefinementThreads                  = 4                                         {product} {ergonomic}
   size_t G1HeapRegionSize                         = 2097152                                   {product} {ergonomic}
    uintx GCDrainStackTargetSize                   = 64                                        {product} {ergonomic}
   size_t InitialHeapSize                          = 266338304                                 {product} {ergonomic}
   size_t MarkStackSize                            = 4194304                                   {product} {ergonomic}
   size_t MaxHeapSize                              = 4255121408                                {product} {ergonomic}
   size_t MinHeapDeltaBytes                        = 2097152                                   {product} {ergonomic}
   size_t MinHeapSize                              = 8388608                                   {product} {ergonomic}
    uintx NonNMethodCodeHeapSize                   = 5832780                                {pd product} {ergonomic}
    uintx NonProfiledCodeHeapSize                  = 122912730                              {pd product} {ergonomic}
    uintx ProfiledCodeHeapSize                     = 122912730                              {pd product} {ergonomic}
    uintx ReservedCodeCacheSize                    = 251658240                              {pd product} {ergonomic}
     bool SegmentedCodeCache                       = true                                      {product} {ergonomic}
   size_t SoftMaxHeapSize                          = 4255121408                             {manageable} {ergonomic}
     bool UseCompressedOops                        = true                           {product lp64_product} {ergonomic}
     bool UseG1GC                                  = true                                      {product} {ergonomic}
     bool UseLargePagesIndividualAllocation        = false                                  {pd product} {ergonomic}

Logging:
Log output configuration:
 #0: stdout all=warning uptime,level,tags foldmultilines=false
 #1: stderr all=off uptime,level,tags foldmultilines=false

Environment Variables:
JAVA_HOME=C:\Users\KIBE\.jdks\openjdk-22.0.1
PATH=C:\Windows\system32;C:\Windows;C:\Windows\System32\Wbem;C:\Windows\System32\WindowsPowerShell\v1.0\;C:\Windows\System32\OpenSSH\;C:\Program Files\dotnet\;C:\Program Files\Git\cmd;C:\src\flutter\bin;C:\Program Files\nodejs\;C:\Users\KIBE\AppData\Local\Programs\Python\Launcher\;C:\Program Files\MySQL\MySQL Shell 8.0\bin\;C:\Users\KIBE\AppData\Local\Microsoft\WindowsApps;C:\Users\KIBE\AppData\Local\Programs\Microsoft VS Code\bin;C:\Users\KIBE\Downloads\flutter_windows_3.24.3-stable\flutter\bin;C:\Users\KIBE\AppData\Local\Programs\cursor\resources\app\bin;C:\Users\KIBE\AppData\Local\Packages\PythonSoftwareFoundation.Python.3.13_qbz5n2kfra8p0\LocalCache\local-packages\Python313\Scripts;C:\Users\KIBE\AppData\Roaming\npm
USERNAME=KIBE
OS=Windows_NT
PROCESSOR_IDENTIFIER=Intel64 Family 6 Model 142 Stepping 9, GenuineIntel
TMP=C:\Users\KIBE\AppData\Local\Temp
TEMP=C:\Users\KIBE\AppData\Local\Temp




Periodic native trim disabled

JNI global refs:
JNI global refs: 0, weak refs: 0

JNI global refs memory usage: 0, weak refs: 0

Process memory usage:
Resident Set Size: 10800K (0% of 16614104K total physical memory with 3204656K free physical memory)

OOME stack traces (most recent first):
Classloader memory used:

---------------  S Y S T E M  ---------------

OS:
 Windows 11 , 64 bit Build 22000 (10.0.22000.2538)
OS uptime: 11 days 15:13 hours

CPU: total 4 (initial active 4) (2 cores per cpu, 2 threads per core) family 6 model 142 stepping 9 microcode 0xf2, cx8, cmov, fxsr, ht, mmx, 3dnowpref, sse, sse2, sse3, ssse3, sse4.1, sse4.2, popcnt, lzcnt, tsc, tscinvbit, avx, avx2, aes, erms, clmul, bmi1, bmi2, rtm, adx, fma, vzeroupper, clflush, clflushopt, rdtscp, f16c
Processor Information for the first 4 processors :
  Max Mhz: 2712, Current Mhz: 2611, Mhz Limit: 2603

Memory: 4k page, system-wide physical 16224M (3129M free)
TotalPageFile size 46659M (AvailPageFile size 20M)
current process WorkingSet (physical memory assigned to process): 10M, peak: 10M
current process commit charge ("private bytes"): 51M, peak: 305M

vm_info: OpenJDK 64-Bit Server VM (21.0.6+-13391695-b895.109) for windows-amd64 JRE (21.0.6+-13391695-b895.109), built on 2025-04-22T21:19:17Z by "builder" with MS VC++ 16.10 / 16.11 (VS2019)

END.
